
ROM used:   53/8192 (1%)
            53/8192 (1%) including unused fragments

            0.1 Average locations per line
            4.8 Average locations per statement

RAM used:   6/368 (2%) at main() level
            6/368 (2%) worst case

Stack used: 0 worst case (0 in main + 0 for interrupts)
Stack size: 8

Lines Stmts  %   Files
----- ----- ---  -----
   41    11 100  ADC Set Point.c
  708     0   0  ..\..\..\..\..\..\..\..\..\..\Program Files (x86)\PICCDEMO\Devices\16F877A.h
----- -----
  749    11 Total

Page ROM  %  RAM    Vol Diff  Functions:
---- --- --- ---    --- ----  ----------
0     49  92    0    188  3.6  main
 Inline         0    207  3.1  @cinit1

Program metrics:
    Functions               2
    Statements              11
    Comments                160
    Volume (V)              479
    Difficulty (D)          6.7
    Effort to implement (E) 3203
    Time to implement (T)   3 minutes
    Est Delivered Bugs (B)  0
    Cyclomatic Complexity   2
    Maintainability (MI)    163

 Segment     Used  Free
-----------  ----  ----
00000-00003     4  0  
00004-007FF    49  1995  
00800-00FFF     0  2048  
01000-017FF     0  2048  
01800-01FFF     0  2048  



